{
  "stats": {
    "suites": 1,
    "tests": 2,
    "passes": 2,
    "pending": 0,
    "failures": 0,
    "start": "2025-11-21T19:08:42.025Z",
    "end": "2025-11-21T19:08:45.455Z",
    "duration": 3430,
    "testsRegistered": 2,
    "passPercent": 100,
    "pendingPercent": 0,
    "other": 0,
    "hasOther": false,
    "skipped": 0,
    "hasSkipped": false
  },
  "results": [
    {
      "uuid": "269f3209-d27b-40ae-9872-65064f9c3e83",
      "title": "",
      "fullFile": "cypress\\e2e\\sauceDemoTest\\loginTests.cy.js",
      "file": "cypress\\e2e\\sauceDemoTest\\loginTests.cy.js",
      "beforeHooks": [],
      "afterHooks": [],
      "tests": [],
      "suites": [
        {
          "uuid": "c40cd428-1419-410b-a9e8-669dca2e8051",
          "title": "Testing Login Page",
          "fullFile": "",
          "file": "",
          "beforeHooks": [],
          "afterHooks": [],
          "tests": [
            {
              "title": "Login with correct credentials",
              "fullTitle": "Testing Login Page Login with correct credentials",
              "timedOut": null,
              "duration": 2309,
              "state": "passed",
              "speed": "fast",
              "pass": true,
              "fail": false,
              "pending": false,
              "context": null,
              "code": "loginPage.enterUsername('standard_user');\nloginPage.enterPassword('secret_sauce');\nloginPage.clickLoginButton();\nproductsPage.cartButtonExists();",
              "err": {},
              "uuid": "d81cd3c8-2e68-40fb-a9be-ca205b98fa8b",
              "parentUUID": "c40cd428-1419-410b-a9e8-669dca2e8051",
              "isHook": false,
              "skipped": false
            },
            {
              "title": "Login with incorrect credentials",
              "fullTitle": "Testing Login Page Login with incorrect credentials",
              "timedOut": null,
              "duration": 1053,
              "state": "passed",
              "speed": "fast",
              "pass": true,
              "fail": false,
              "pending": false,
              "context": null,
              "code": "loginPage.enterUsername('standard_user');\nloginPage.enterPassword('secret_sauce_wrong');\nloginPage.clickLoginButton();\nloginPage.loginPageElements.errorMessage().should('be.visible');",
              "err": {},
              "uuid": "19aca9bf-fb67-46a0-8608-8492674e1b3d",
              "parentUUID": "c40cd428-1419-410b-a9e8-669dca2e8051",
              "isHook": false,
              "skipped": false
            }
          ],
          "suites": [],
          "passes": [
            "d81cd3c8-2e68-40fb-a9be-ca205b98fa8b",
            "19aca9bf-fb67-46a0-8608-8492674e1b3d"
          ],
          "failures": [],
          "pending": [],
          "skipped": [],
          "duration": 3362,
          "root": false,
          "rootEmpty": false,
          "_timeout": 2000
        }
      ],
      "passes": [],
      "failures": [],
      "pending": [],
      "skipped": [],
      "duration": 0,
      "root": true,
      "rootEmpty": true,
      "_timeout": 2000
    }
  ],
  "meta": {
    "mocha": {
      "version": "7.2.0"
    },
    "mochawesome": {
      "options": {
        "quiet": false,
        "reportFilename": "report-[name]-[datetime]",
        "saveHtml": true,
        "saveJson": true,
        "consoleReporter": "spec",
        "useInlineDiffs": false,
        "code": true
      },
      "version": "7.1.4"
    },
    "marge": {
      "options": {
        "reportDir": "cypress/reports",
        "overwrite": true,
        "html": true,
        "json": true,
        "reportFilename": "report-[name]-[datetime]",
        "timestamp": "mmddyyyy_HHMMss",
        "charts": true,
        "embeddedScreenshots": true
      },
      "version": "6.3.2"
    }
  }
}